  [1m[35m (8382.0ms)[0m  [1m[35mCREATE DATABASE "bookstudytraker_development" ENCODING = 'unicode'[0m
  [1m[35m (3926.0ms)[0m  [1m[35mCREATE DATABASE "bookstudytraker_test" ENCODING = 'unicode'[0m
  [1m[35m (486.6ms)[0m  [1m[35mCREATE TABLE "schema_migrations" ("version" character varying NOT NULL PRIMARY KEY)[0m
  [1m[35m (194.8ms)[0m  [1m[35mCREATE TABLE "ar_internal_metadata" ("key" character varying NOT NULL PRIMARY KEY, "value" character varying, "created_at" timestamp(6) NOT NULL, "updated_at" timestamp(6) NOT NULL)[0m
  [1m[35m (20.9ms)[0m  [1m[34mSELECT pg_try_advisory_lock(2755398852210322395)[0m
  [1m[35m (0.7ms)[0m  [1m[34mSELECT "schema_migrations"."version" FROM "schema_migrations" ORDER BY "schema_migrations"."version" ASC[0m
Migrating to CreateUsers (20211021200309)
  [1m[36mTRANSACTION (0.2ms)[0m  [1m[35mBEGIN[0m
  [1m[35m (289.4ms)[0m  [1m[35mCREATE TABLE "users" ("id" bigserial primary key, "username" character varying, "email" character varying, "password_digest" character varying, "created_at" timestamp(6) NOT NULL, "updated_at" timestamp(6) NOT NULL)[0m
  [1m[36mActiveRecord::SchemaMigration Create (0.9ms)[0m  [1m[32mINSERT INTO "schema_migrations" ("version") VALUES ($1) RETURNING "version"[0m  [["version", "20211021200309"]]
  [1m[36mTRANSACTION (74.2ms)[0m  [1m[35mCOMMIT[0m
  [1m[36mActiveRecord::InternalMetadata Load (0.5ms)[0m  [1m[34mSELECT "ar_internal_metadata".* FROM "ar_internal_metadata" WHERE "ar_internal_metadata"."key" = $1 LIMIT $2[0m  [["key", "environment"], ["LIMIT", 1]]
  [1m[36mTRANSACTION (0.2ms)[0m  [1m[35mBEGIN[0m
  [1m[36mActiveRecord::InternalMetadata Create (24.6ms)[0m  [1m[32mINSERT INTO "ar_internal_metadata" ("key", "value", "created_at", "updated_at") VALUES ($1, $2, $3, $4) RETURNING "key"[0m  [["key", "environment"], ["value", "development"], ["created_at", "2021-10-21 20:04:31.779350"], ["updated_at", "2021-10-21 20:04:31.779350"]]
  [1m[36mTRANSACTION (17.2ms)[0m  [1m[35mCOMMIT[0m
  [1m[35m (0.8ms)[0m  [1m[34mSELECT pg_advisory_unlock(2755398852210322395)[0m
  [1m[35m (0.7ms)[0m  [1m[34mSELECT "schema_migrations"."version" FROM "schema_migrations" ORDER BY "schema_migrations"."version" ASC[0m
  [1m[35m (0.8ms)[0m  [1m[34mSELECT "schema_migrations"."version" FROM "schema_migrations" ORDER BY "schema_migrations"."version" ASC[0m
  [1m[35m (0.4ms)[0m  [1m[34mSELECT "ar_internal_metadata"."value" FROM "ar_internal_metadata" WHERE "ar_internal_metadata"."key" = $1[0m  [["key", "environment"]]
  [1m[35m (0.3ms)[0m  [1m[34mSELECT "schema_migrations"."version" FROM "schema_migrations" ORDER BY "schema_migrations"."version" ASC[0m
  [1m[35m (0.4ms)[0m  [1m[34mSELECT "ar_internal_metadata"."value" FROM "ar_internal_metadata" WHERE "ar_internal_metadata"."key" = $1[0m  [["key", "environment"]]
  [1m[35m (0.4ms)[0m  [1m[34mSELECT "schema_migrations"."version" FROM "schema_migrations" ORDER BY "schema_migrations"."version" ASC[0m
  [1m[35m (0.3ms)[0m  [1m[34mSELECT "ar_internal_metadata"."value" FROM "ar_internal_metadata" WHERE "ar_internal_metadata"."key" = $1[0m  [["key", "environment"]]
  [1m[35m (3275.4ms)[0m  [1m[35mDROP DATABASE IF EXISTS "bookstudytraker_test"[0m
  [1m[35m (4316.1ms)[0m  [1m[35mCREATE DATABASE "bookstudytraker_test" ENCODING = 'unicode'[0m
  [1m[35mSQL (18.8ms)[0m  [1m[35mCREATE EXTENSION IF NOT EXISTS "plpgsql"[0m
  [1m[35m (0.3ms)[0m  [1m[35mDROP TABLE IF EXISTS "users" CASCADE[0m
  [1m[35m (703.4ms)[0m  [1m[35mCREATE TABLE "users" ("id" bigserial primary key, "username" character varying, "email" character varying, "password_digest" character varying, "created_at" timestamp(6) NOT NULL, "updated_at" timestamp(6) NOT NULL)[0m
  [1m[35m (407.5ms)[0m  [1m[35mCREATE TABLE "schema_migrations" ("version" character varying NOT NULL PRIMARY KEY)[0m
  [1m[35m (0.7ms)[0m  [1m[34mSELECT "schema_migrations"."version" FROM "schema_migrations" ORDER BY "schema_migrations"."version" ASC[0m
  [1m[35m (59.8ms)[0m  [1m[32mINSERT INTO "schema_migrations" (version) VALUES (20211021200309)[0m
  [1m[35m (463.2ms)[0m  [1m[35mCREATE TABLE "ar_internal_metadata" ("key" character varying NOT NULL PRIMARY KEY, "value" character varying, "created_at" timestamp(6) NOT NULL, "updated_at" timestamp(6) NOT NULL)[0m
  [1m[36mActiveRecord::InternalMetadata Load (0.6ms)[0m  [1m[34mSELECT "ar_internal_metadata".* FROM "ar_internal_metadata" WHERE "ar_internal_metadata"."key" = $1 LIMIT $2[0m  [["key", "environment"], ["LIMIT", 1]]
  [1m[36mTRANSACTION (0.2ms)[0m  [1m[35mBEGIN[0m
  [1m[36mActiveRecord::InternalMetadata Create (0.9ms)[0m  [1m[32mINSERT INTO "ar_internal_metadata" ("key", "value", "created_at", "updated_at") VALUES ($1, $2, $3, $4) RETURNING "key"[0m  [["key", "environment"], ["value", "development"], ["created_at", "2021-10-21 20:05:10.550410"], ["updated_at", "2021-10-21 20:05:10.550410"]]
  [1m[36mTRANSACTION (47.3ms)[0m  [1m[35mCOMMIT[0m
  [1m[36mActiveRecord::InternalMetadata Load (0.3ms)[0m  [1m[34mSELECT "ar_internal_metadata".* FROM "ar_internal_metadata" WHERE "ar_internal_metadata"."key" = $1 LIMIT $2[0m  [["key", "environment"], ["LIMIT", 1]]
  [1m[36mTRANSACTION (0.2ms)[0m  [1m[35mBEGIN[0m
  [1m[36mActiveRecord::InternalMetadata Update (0.4ms)[0m  [1m[33mUPDATE "ar_internal_metadata" SET "value" = $1, "updated_at" = $2 WHERE "ar_internal_metadata"."key" = $3[0m  [["value", "test"], ["updated_at", "2021-10-21 20:05:10.608889"], ["key", "environment"]]
  [1m[36mTRANSACTION (54.7ms)[0m  [1m[35mCOMMIT[0m
  [1m[36mActiveRecord::InternalMetadata Load (0.4ms)[0m  [1m[34mSELECT "ar_internal_metadata".* FROM "ar_internal_metadata" WHERE "ar_internal_metadata"."key" = $1 LIMIT $2[0m  [["key", "schema_sha1"], ["LIMIT", 1]]
  [1m[36mTRANSACTION (0.2ms)[0m  [1m[35mBEGIN[0m
  [1m[36mActiveRecord::InternalMetadata Create (0.3ms)[0m  [1m[32mINSERT INTO "ar_internal_metadata" ("key", "value", "created_at", "updated_at") VALUES ($1, $2, $3, $4) RETURNING "key"[0m  [["key", "schema_sha1"], ["value", "6c25e4fd5c020c8814b6281ed70ec3d88c6310cc"], ["created_at", "2021-10-21 20:05:10.675240"], ["updated_at", "2021-10-21 20:05:10.675240"]]
  [1m[36mTRANSACTION (56.0ms)[0m  [1m[35mCOMMIT[0m
Started POST "/signup" for 127.0.0.1 at 2021-10-27 12:27:42 +0100
  [1m[35m (45.3ms)[0m  [1m[34mSELECT "schema_migrations"."version" FROM "schema_migrations" ORDER BY "schema_migrations"."version" ASC[0m
Processing by UsersController#create as HTML
  Parameters: {"name"=>"ash", "email"=>"ash@email.com", "password"=>"[FILTERED]", "password_confirmation"=>"[FILTERED]", "user"=>{"email"=>"ash@email.com"}}
[31mUnpermitted parameter: :user[0m
Completed 500 Internal Server Error in 53ms (ActiveRecord: 54.3ms | Allocations: 5643)


  
ActiveModel::UnknownAttributeError (unknown attribute 'name' for User.):
  
app/controllers/users_controller.rb:6:in `create'
Started POST "/signup" for 127.0.0.1 at 2021-10-27 12:28:32 +0100
Processing by UsersController#create as HTML
  Parameters: {"username"=>"ash", "email"=>"ash@email.com", "password"=>"[FILTERED]", "password_confirmation"=>"[FILTERED]", "user"=>{"username"=>"ash", "email"=>"ash@email.com"}}
[31mUnpermitted parameters: :username, :user[0m
Completed 422 Unprocessable Entity in 313ms (Views: 0.2ms | ActiveRecord: 0.0ms | Allocations: 2221)


Started POST "/signup" for 127.0.0.1 at 2021-10-27 12:30:13 +0100
  [1m[35m (0.6ms)[0m  [1m[34mSELECT "schema_migrations"."version" FROM "schema_migrations" ORDER BY "schema_migrations"."version" ASC[0m
Processing by UsersController#create as HTML
  Parameters: {"username"=>"ash", "email"=>"ash@email.com", "password"=>"[FILTERED]", "password_confirmation"=>"[FILTERED]", "user"=>{"username"=>"ash", "email"=>"ash@email.com"}}
[31mUnpermitted parameter: :user[0m
  [1m[36mTRANSACTION (0.4ms)[0m  [1m[35mBEGIN[0m
  ↳ app/controllers/users_controller.rb:6:in `create'
  [1m[36mUser Create (55.1ms)[0m  [1m[32mINSERT INTO "users" ("username", "email", "password_digest", "created_at", "updated_at") VALUES ($1, $2, $3, $4, $5) RETURNING "id"[0m  [["username", "ash"], ["email", "ash@email.com"], ["password_digest", "$2a$12$j9mKWGby2ewIg90TJSfoiOpZKtTYuYmOAKLePE5AA2cr2ZF1CaigG"], ["created_at", "2021-10-27 11:30:14.441178"], ["updated_at", "2021-10-27 11:30:14.441178"]]
  ↳ app/controllers/users_controller.rb:6:in `create'
  [1m[36mTRANSACTION (35.1ms)[0m  [1m[35mCOMMIT[0m
  ↳ app/controllers/users_controller.rb:6:in `create'
  [1m[36mUser Load (0.4ms)[0m  [1m[34mSELECT "users".* FROM "users" WHERE "users"."email" = $1 LIMIT $2[0m  [["email", "ash@email.com"], ["LIMIT", 1]]
  ↳ app/auth/authenticate_user.rb:18:in `user'
  [1m[36mCACHE User Load (0.0ms)[0m  [1m[34mSELECT "users".* FROM "users" WHERE "users"."email" = $1 LIMIT $2[0m  [["email", "ash@email.com"], ["LIMIT", 1]]
  ↳ app/auth/authenticate_user.rb:18:in `user'
Completed 201 Created in 1050ms (Views: 0.3ms | ActiveRecord: 99.9ms | Allocations: 9157)


